This is pdfTeX, Version 3.141592653-2.6-1.40.25 (MiKTeX 23.10.12) (preloaded format=pdflatex 2023.11.7)  30 DEC 2024 16:36
entering extended mode
 restricted \write18 enabled.
 %&-line parsing enabled.
**./elsarticle-template-num.tex
(elsarticle-template-num.tex
LaTeX2e <2023-11-01>
L3 programming layer <2023-11-01>
(E:\CTEX\MiKTeX\tex/latex/elsarticle\elsarticle.cls
Document Class: elsarticle 2024/12/02, 3.4a: Elsevier Ltd
(E:\CTEX\MiKTeX\tex/latex/base\fontenc.sty
Package: fontenc 2021/04/29 v2.0v Standard LaTeX package
)
(E:\CTEX\MiKTeX\tex/latex/l3kernel\expl3.sty
Package: expl3 2023-11-01 L3 programming layer (loader) 

(E:\CTEX\MiKTeX\tex/latex/l3backend\l3backend-pdftex.def
File: l3backend-pdftex.def 2023-10-23 L3 backend support: PDF output (pdfTeX)
\l__color_backend_stack_int=\count186
\l__pdf_internal_box=\box51
))
(E:\CTEX\MiKTeX\tex/latex/l3packages/xparse\xparse.sty
Package: xparse 2023-10-10 L3 Experimental document command parser
)
(E:\CTEX\MiKTeX\tex/latex/etoolbox\etoolbox.sty
Package: etoolbox 2020/10/05 v2.5k e-TeX tools for LaTeX (JAW)
\etb@tempcnta=\count187
)
\@bls=\dimen140

(E:\CTEX\MiKTeX\tex/latex/base\article.cls
Document Class: article 2023/05/17 v1.4n Standard LaTeX document class
(E:\CTEX\MiKTeX\tex/latex/base\size12.clo
File: size12.clo 2023/05/17 v1.4n Standard LaTeX file (size option)
)
\c@part=\count188
\c@section=\count189
\c@subsection=\count190
\c@subsubsection=\count191
\c@paragraph=\count192
\c@subparagraph=\count193
\c@figure=\count194
\c@table=\count195
\abovecaptionskip=\skip48
\belowcaptionskip=\skip49
\bibindent=\dimen141
)
(E:\CTEX\MiKTeX\tex/latex/graphics\graphicx.sty
Package: graphicx 2021/09/16 v1.2d Enhanced LaTeX Graphics (DPC,SPQR)

(E:\CTEX\MiKTeX\tex/latex/graphics\keyval.sty
Package: keyval 2022/05/29 v1.15 key=value parser (DPC)
\KV@toks@=\toks17
)
(E:\CTEX\MiKTeX\tex/latex/graphics\graphics.sty
Package: graphics 2022/03/10 v1.4e Standard LaTeX Graphics (DPC,SPQR)

(E:\CTEX\MiKTeX\tex/latex/graphics\trig.sty
Package: trig 2021/08/11 v1.11 sin cos tan (DPC)
)
(E:\CTEX\MiKTeX\tex/latex/graphics-cfg\graphics.cfg
File: graphics.cfg 2016/06/04 v1.11 sample graphics configuration
)
Package graphics Info: Driver file: pdftex.def on input line 107.

(E:\CTEX\MiKTeX\tex/latex/graphics-def\pdftex.def
File: pdftex.def 2022/09/22 v1.2b Graphics/color driver for pdftex
))
\Gin@req@height=\dimen142
\Gin@req@width=\dimen143
)
\c@tnote=\count196
\c@fnote=\count197
\c@cnote=\count198
\c@ead=\count199
\c@author=\count266
\@eadauthor=\toks18
\c@affn=\count267
\absbox=\box52
\elsarticlehighlightsbox=\box53
\elsarticlegrabsbox=\box54
\keybox=\box55
\Columnwidth=\dimen144
\space@left=\dimen145
\els@boxa=\box56
\els@boxb=\box57
\leftMargin=\dimen146
\@enLab=\toks19
\@sep=\skip50
\@@sep=\skip51

(E:\CTEX\MiKTeX\tex/latex/natbib\natbib.sty
Package: natbib 2010/09/13 8.31b (PWD, AO)
\bibhang=\skip52
\bibsep=\skip53
LaTeX Info: Redefining \cite on input line 694.
\c@NAT@ctr=\count268
)
\splwrite=\write3
\openout3 = `elsarticle-template-num.spl'.

\appnamewidth=\dimen147
)
(E:\CTEX\MiKTeX\tex/latex/multirow\multirow.sty
Package: multirow 2021/03/15 v2.8 Span multiple rows of a table
\multirow@colwidth=\skip54
\multirow@cntb=\count269
\multirow@dima=\skip55
\bigstrutjot=\dimen148
)
(E:\CTEX\MiKTeX\tex/latex/psnfss\pifont.sty
Package: pifont 2020/03/25 PSNFSS-v9.3 Pi font support (SPQR) 
LaTeX Font Info:    Trying to load font information for U+pzd on input line 63.


(E:\CTEX\MiKTeX\tex/latex/psnfss\upzd.fd
File: upzd.fd 2001/06/04 font definitions for U/pzd.
)
LaTeX Font Info:    Trying to load font information for U+psy on input line 64.


(E:\CTEX\MiKTeX\tex/latex/psnfss\upsy.fd
File: upsy.fd 2001/06/04 font definitions for U/psy.
))
(E:\CTEX\MiKTeX\tex/latex/amsmath\amsmath.sty
Package: amsmath 2023/05/13 v2.17o AMS math features
\@mathmargin=\skip56

For additional information on amsmath, use the `?' option.
(E:\CTEX\MiKTeX\tex/latex/amsmath\amstext.sty
Package: amstext 2021/08/26 v2.01 AMS text

(E:\CTEX\MiKTeX\tex/latex/amsmath\amsgen.sty
File: amsgen.sty 1999/11/30 v2.0 generic functions
\@emptytoks=\toks20
\ex@=\dimen149
))
(E:\CTEX\MiKTeX\tex/latex/amsmath\amsbsy.sty
Package: amsbsy 1999/11/29 v1.2d Bold Symbols
\pmbraise@=\dimen150
)
(E:\CTEX\MiKTeX\tex/latex/amsmath\amsopn.sty
Package: amsopn 2022/04/08 v2.04 operator names
)
\inf@bad=\count270
LaTeX Info: Redefining \frac on input line 234.
\uproot@=\count271
\leftroot@=\count272
LaTeX Info: Redefining \overline on input line 399.
LaTeX Info: Redefining \colon on input line 410.
\classnum@=\count273
\DOTSCASE@=\count274
LaTeX Info: Redefining \ldots on input line 496.
LaTeX Info: Redefining \dots on input line 499.
LaTeX Info: Redefining \cdots on input line 620.
\Mathstrutbox@=\box58
\strutbox@=\box59
LaTeX Info: Redefining \big on input line 722.
LaTeX Info: Redefining \Big on input line 723.
LaTeX Info: Redefining \bigg on input line 724.
LaTeX Info: Redefining \Bigg on input line 725.
\big@size=\dimen151
LaTeX Font Info:    Redeclaring font encoding OML on input line 743.
LaTeX Font Info:    Redeclaring font encoding OMS on input line 744.
\macc@depth=\count275
LaTeX Info: Redefining \bmod on input line 905.
LaTeX Info: Redefining \pmod on input line 910.
LaTeX Info: Redefining \smash on input line 940.
LaTeX Info: Redefining \relbar on input line 970.
LaTeX Info: Redefining \Relbar on input line 971.
\c@MaxMatrixCols=\count276
\dotsspace@=\muskip16
\c@parentequation=\count277
\dspbrk@lvl=\count278
\tag@help=\toks21
\row@=\count279
\column@=\count280
\maxfields@=\count281
\andhelp@=\toks22
\eqnshift@=\dimen152
\alignsep@=\dimen153
\tagshift@=\dimen154
\tagwidth@=\dimen155
\totwidth@=\dimen156
\lineht@=\dimen157
\@envbody=\toks23
\multlinegap=\skip57
\multlinetaggap=\skip58
\mathdisplay@stack=\toks24
LaTeX Info: Redefining \[ on input line 2953.
LaTeX Info: Redefining \] on input line 2954.
)
(E:\CTEX\MiKTeX\tex/latex/amsfonts\amssymb.sty
Package: amssymb 2013/01/14 v3.01 AMS font symbols

(E:\CTEX\MiKTeX\tex/latex/amsfonts\amsfonts.sty
Package: amsfonts 2013/01/14 v3.01 Basic AMSFonts support
\symAMSa=\mathgroup4
\symAMSb=\mathgroup5
LaTeX Font Info:    Redeclaring math symbol \hbar on input line 98.
LaTeX Font Info:    Overwriting math alphabet `\mathfrak' in version `bold'
(Font)                  U/euf/m/n --> U/euf/b/n on input line 106.
))
(E:\CTEX\MiKTeX\tex/latex/amscls\amsthm.sty
Package: amsthm 2020/05/29 v2.20.6
\thm@style=\toks25
\thm@bodyfont=\toks26
\thm@headfont=\toks27
\thm@notefont=\toks28
\thm@headpunct=\toks29
\thm@preskip=\skip59
\thm@postskip=\skip60
\thm@headsep=\skip61
\dth@everypar=\toks30
LaTeX Info: Redefining \qed on input line 273.
)
(E:\CTEX\MiKTeX\tex/latex/jknappen\mathrsfs.sty
Package: mathrsfs 1996/01/01 Math RSFS package v1.0 (jk)
\symrsfs=\mathgroup6
)
(E:\CTEX\MiKTeX\tex/latex/adjustbox\adjustbox.sty
Package: adjustbox 2022/10/17 v1.3a Adjusting TeX boxes (trim, clip, ...)

(E:\CTEX\MiKTeX\tex/latex/xkeyval\xkeyval.sty
Package: xkeyval 2022/06/16 v2.9 package option processing (HA)

(E:\CTEX\MiKTeX\tex/generic/xkeyval\xkeyval.tex
(E:\CTEX\MiKTeX\tex/generic/xkeyval\xkvutils.tex
\XKV@toks=\toks31
\XKV@tempa@toks=\toks32
)
\XKV@depth=\count282
File: xkeyval.tex 2014/12/03 v2.7a key=value parser (HA)
))
(E:\CTEX\MiKTeX\tex/latex/adjustbox\adjcalc.sty
Package: adjcalc 2012/05/16 v1.1 Provides advanced setlength with multiple back
-ends (calc, etex, pgfmath)
)
(E:\CTEX\MiKTeX\tex/latex/adjustbox\trimclip.sty
Package: trimclip 2020/08/19 v1.2 Trim and clip general TeX material

(E:\CTEX\MiKTeX\tex/latex/collectbox\collectbox.sty
Package: collectbox 2022/10/17 v0.4c Collect macro arguments as boxes
\collectedbox=\box60
)
\tc@llx=\dimen158
\tc@lly=\dimen159
\tc@urx=\dimen160
\tc@ury=\dimen161
Package trimclip Info: Using driver 'tc-pdftex.def'.

(E:\CTEX\MiKTeX\tex/latex/adjustbox\tc-pdftex.def
File: tc-pdftex.def 2019/01/04 v2.2 Clipping driver for pdftex
))
\adjbox@Width=\dimen162
\adjbox@Height=\dimen163
\adjbox@Depth=\dimen164
\adjbox@Totalheight=\dimen165
\adjbox@pwidth=\dimen166
\adjbox@pheight=\dimen167
\adjbox@pdepth=\dimen168
\adjbox@ptotalheight=\dimen169

(E:\CTEX\MiKTeX\tex/latex/ifoddpage\ifoddpage.sty
Package: ifoddpage 2022/10/18 v1.2 Conditionals for odd/even page detection
\c@checkoddpage=\count283
)
(E:\CTEX\MiKTeX\tex/latex/varwidth\varwidth.sty
Package: varwidth 2009/03/30 ver 0.92;  Variable-width minipages
\@vwid@box=\box61
\sift@deathcycles=\count284
\@vwid@loff=\dimen170
\@vwid@roff=\dimen171
))
(E:\CTEX\MiKTeX\tex/latex/appendix\appendix.sty
Package: appendix 2020/02/08 v1.2c extra appendix facilities
\c@@pps=\count285
\c@@ppsavesec=\count286
\c@@ppsaveapp=\count287
)
(E:\CTEX\MiKTeX\tex/latex/xcolor\xcolor.sty
Package: xcolor 2022/06/12 v2.14 LaTeX color extensions (UK)

(E:\CTEX\MiKTeX\tex/latex/graphics-cfg\color.cfg
File: color.cfg 2016/01/02 v1.6 sample color configuration
)
Package xcolor Info: Driver file: pdftex.def on input line 227.

(E:\CTEX\MiKTeX\tex/latex/graphics\mathcolor.ltx)
Package xcolor Info: Model `cmy' substituted by `cmy0' on input line 1353.
Package xcolor Info: Model `hsb' substituted by `rgb' on input line 1357.
Package xcolor Info: Model `RGB' extended on input line 1369.
Package xcolor Info: Model `HTML' substituted by `rgb' on input line 1371.
Package xcolor Info: Model `Hsb' substituted by `hsb' on input line 1372.
Package xcolor Info: Model `tHsb' substituted by `hsb' on input line 1373.
Package xcolor Info: Model `HSB' substituted by `hsb' on input line 1374.
Package xcolor Info: Model `Gray' substituted by `gray' on input line 1375.
Package xcolor Info: Model `wave' substituted by `hsb' on input line 1376.
)
(E:\CTEX\MiKTeX\tex/latex/base\textcomp.sty
Package: textcomp 2020/02/02 v2.0n Standard LaTeX package
)
(E:\CTEX\MiKTeX\tex/latex/ncctools\manyfoot.sty
Package: manyfoot 2019/08/03 v1.11 Many Footnote Levels Package (NCC)

(E:\CTEX\MiKTeX\tex/latex/ncctools\nccfoots.sty
Package: nccfoots 2005/02/03 v1.2 NCC Footnotes Package (NCC)
)
\MFL@columnwidth=\dimen172
)
(E:\CTEX\MiKTeX\tex/latex/booktabs\booktabs.sty
Package: booktabs 2020/01/12 v1.61803398 Publication quality tables
\heavyrulewidth=\dimen173
\lightrulewidth=\dimen174
\cmidrulewidth=\dimen175
\belowrulesep=\dimen176
\belowbottomsep=\dimen177
\aboverulesep=\dimen178
\abovetopsep=\dimen179
\cmidrulesep=\dimen180
\cmidrulekern=\dimen181
\defaultaddspace=\dimen182
\@cmidla=\count288
\@cmidlb=\count289
\@aboverulesep=\dimen183
\@belowrulesep=\dimen184
\@thisruleclass=\count290
\@lastruleclass=\count291
\@thisrulewidth=\dimen185
)
(E:\CTEX\MiKTeX\tex/latex/algorithms\algorithm.sty
Package: algorithm 2009/08/24 v0.1 Document Style `algorithm' - floating enviro
nment

(E:\CTEX\MiKTeX\tex/latex/float\float.sty
Package: float 2001/11/08 v1.3d Float enhancements (AL)
\c@float@type=\count292
\float@exts=\toks33
\float@box=\box62
\@float@everytoks=\toks34
\@floatcapt=\box63
)
(E:\CTEX\MiKTeX\tex/latex/base\ifthen.sty
Package: ifthen 2022/04/13 v1.1d Standard LaTeX ifthen package (DPC)
)
\@float@every@algorithm=\toks35
\c@algorithm=\count293
)
(E:\CTEX\MiKTeX\tex/latex/algorithmicx\algorithmicx.sty
Package: algorithmicx 2005/04/27 v1.2 Algorithmicx

Document Style algorithmicx 1.2 - a greatly improved `algorithmic' style
\c@ALG@line=\count294
\c@ALG@rem=\count295
\c@ALG@nested=\count296
\ALG@tlm=\skip62
\ALG@thistlm=\skip63
\c@ALG@Lnr=\count297
\c@ALG@blocknr=\count298
\c@ALG@storecount=\count299
\c@ALG@tmpcounter=\count300
\ALG@tmplength=\skip64
) (E:\CTEX\MiKTeX\tex/latex/algorithmicx\algpseudocode.sty
Package: algpseudocode 

Document Style - pseudocode environments for use with the `algorithmicx' style
) (E:\CTEX\MiKTeX\tex/latex/listings\listings.sty
\lst@mode=\count301
\lst@gtempboxa=\box64
\lst@token=\toks36
\lst@length=\count302
\lst@currlwidth=\dimen186
\lst@column=\count303
\lst@pos=\count304
\lst@lostspace=\dimen187
\lst@width=\dimen188
\lst@newlines=\count305
\lst@lineno=\count306
\lst@maxwidth=\dimen189

(E:\CTEX\MiKTeX\tex/latex/listings\lstmisc.sty
File: lstmisc.sty 2023/02/27 1.9 (Carsten Heinz)
\c@lstnumber=\count307
\lst@skipnumbers=\count308
\lst@framebox=\box65
)
(E:\CTEX\MiKTeX\tex/latex/listings\listings.cfg
File: listings.cfg 2023/02/27 1.9 listings configuration
))
Package: listings 2023/02/27 1.9 (Carsten Heinz)

No file elsarticle-template-num.aux.
\openout1 = `elsarticle-template-num.aux'.

LaTeX Font Info:    Checking defaults for OML/cmm/m/it on input line 69.
LaTeX Font Info:    ... okay on input line 69.
LaTeX Font Info:    Checking defaults for OMS/cmsy/m/n on input line 69.
LaTeX Font Info:    ... okay on input line 69.
LaTeX Font Info:    Checking defaults for OT1/cmr/m/n on input line 69.
LaTeX Font Info:    ... okay on input line 69.
LaTeX Font Info:    Checking defaults for T1/cmr/m/n on input line 69.
LaTeX Font Info:    ... okay on input line 69.
LaTeX Font Info:    Checking defaults for TS1/cmr/m/n on input line 69.
LaTeX Font Info:    ... okay on input line 69.
LaTeX Font Info:    Checking defaults for OMX/cmex/m/n on input line 69.
LaTeX Font Info:    ... okay on input line 69.
LaTeX Font Info:    Checking defaults for U/cmr/m/n on input line 69.
LaTeX Font Info:    ... okay on input line 69.
(E:\CTEX\MiKTeX\tex/context/base/mkii\supp-pdf.mkii
[Loading MPS to PDF converter (version 2006.09.02).]
\scratchcounter=\count309
\scratchdimen=\dimen190
\scratchbox=\box66
\nofMPsegments=\count310
\nofMParguments=\count311
\everyMPshowfont=\toks37
\MPscratchCnt=\count312
\MPscratchDim=\dimen191
\MPnumerator=\count313
\makeMPintoPDFobject=\count314
\everyMPtoPDFconversion=\toks38
) (E:\CTEX\MiKTeX\tex/latex/epstopdf-pkg\epstopdf-base.sty
Package: epstopdf-base 2020-01-24 v2.11 Base part for package epstopdf
Package epstopdf-base Info: Redefining graphics rule for `.eps' on input line 4
85.

(E:\CTEX\MiKTeX\tex/latex/00miktex\epstopdf-sys.cfg
File: epstopdf-sys.cfg 2021/03/18 v2.0 Configuration of epstopdf for MiKTeX
))
\c@lstlisting=\count315
 [1

{E:/CTEX/UserData/fonts/map/pdftex/pdftex.map{Unicode.sfd}{UGBK.sfd}}]
LaTeX Font Info:    Trying to load font information for U+msa on input line 155
.

(E:\CTEX\MiKTeX\tex/latex/amsfonts\umsa.fd
File: umsa.fd 2013/01/14 v3.01 AMS symbols A
)
LaTeX Font Info:    Trying to load font information for U+msb on input line 155
.

(E:\CTEX\MiKTeX\tex/latex/amsfonts\umsb.fd
File: umsb.fd 2013/01/14 v3.01 AMS symbols B
)
LaTeX Font Info:    Trying to load font information for U+rsfs on input line 15
5.

(E:\CTEX\MiKTeX\tex/latex/jknappen\ursfs.fd
File: ursfs.fd 1998/03/24 rsfs font definition file (jk)
)

Package natbib Warning: Citation `replknet' on page 1 undefined on input line 1
66.


Package natbib Warning: Citation `convnext' on page 1 undefined on input line 1
66.


Package natbib Warning: Citation `replknet' on page 1 undefined on input line 1
66.

[1


]

Package natbib Warning: Citation `autodriving' on page 2 undefined on input lin
e 168.


Package natbib Warning: Citation `convnext' on page 2 undefined on input line 1
70.


LaTeX Warning: Reference `table:imagewoof' on page 2 undefined on input line 17
0.


LaTeX Warning: Reference `table:cifar100' on page 2 undefined on input line 170
.


LaTeX Warning: Reference `pie' on page 2 undefined on input line 170.

<figs/fig1.pdf, id=14, 287.32123pt x 254.96675pt>
File: figs/fig1.pdf Graphic file (type pdf)
<use figs/fig1.pdf>
Package pdftex.def Info: figs/fig1.pdf  used on input line 174.
(pdftex.def)             Requested size: 272.99881pt x 242.26372pt.


pdfTeX warning: pdflatex.exe (file ./figs/fig2-a.pdf): PDF inclusion: found PDF
 version <1.7>, but at most version <1.5> allowed
<figs/fig2-a.pdf, id=15, 392.67673pt x 364.84103pt>
File: figs/fig2-a.pdf Graphic file (type pdf)
<use figs/fig2-a.pdf>
Package pdftex.def Info: figs/fig2-a.pdf  used on input line 183.
(pdftex.def)             Requested size: 110.24232pt x 102.43008pt.

Overfull \hbox (4.94066pt too wide) in paragraph at lines 183--184
 [][] 
 []



pdfTeX warning: pdflatex.exe (file ./figs/fig2-b.pdf): PDF inclusion: found PDF
 version <1.7>, but at most version <1.5> allowed
<figs/fig2-b.pdf, id=16, 476.18202pt x 364.829pt>
File: figs/fig2-b.pdf Graphic file (type pdf)
<use figs/fig2-b.pdf>
Package pdftex.def Info: figs/fig2-b.pdf  used on input line 191.
(pdftex.def)             Requested size: 133.69334pt x 102.43008pt.

Overfull \hbox (1.09477pt too wide) in paragraph at lines 191--192
 [][] 
 []



pdfTeX warning: pdflatex.exe (file ./figs/fig2-c.pdf): PDF inclusion: found PDF
 version <1.7>, but at most version <1.5> allowed
<figs/fig2-c.pdf, id=17, 471.20944pt x 364.829pt>
File: figs/fig2-c.pdf Graphic file (type pdf)
<use figs/fig2-c.pdf>
Package pdftex.def Info: figs/fig2-c.pdf  used on input line 199.
(pdftex.def)             Requested size: 132.29724pt x 102.43008pt.

Package natbib Warning: Citation `dbb' on page 2 undefined on input line 208.

[2] [3 <./figs/fig1.pdf>]

Package natbib Warning: Citation `vit' on page 4 undefined on input line 210.


LaTeX Warning: Reference `fig:top' on page 4 undefined on input line 211.


Package natbib Warning: Citation `imagenet' on page 4 undefined on input line 2
11.


Overfull \hbox (10.44658pt too wide) in paragraph at lines 210--212
\T1/cmr/m/n/12 and ef-fi-ciency by fully ex-ploit-ing the po-ten-tial of struc-
tural re-parameterization.
 []

[4 <./figs/fig2-a.pdf> <./figs/fig2-b.pdf

pdfTeX warning: pdflatex.exe (file ./figs/fig2-b.pdf): PDF inclusion: multiple 
pdfs with page group included in a single page
> <./figs/fig2-c.pdf

pdfTeX warning: pdflatex.exe (file ./figs/fig2-c.pdf): PDF inclusion: multiple 
pdfs with page group included in a single page
>]

Package natbib Warning: Citation `coatnet' on page 5 undefined on input line 21
9.


Package natbib Warning: Citation `botnet' on page 5 undefined on input line 219
.


Package natbib Warning: Citation `resnet' on page 5 undefined on input line 219
.


Package natbib Warning: Citation `replknet' on page 5 undefined on input line 2
19.


Package natbib Warning: Citation `convnext' on page 5 undefined on input line 2
19.


Overfull \hbox (21.77992pt too wide) in paragraph at lines 219--220
[]\T1/cmr/bx/n/12 Combining the ad-van-tages of Con-vNets and ViTs \T1/cmr/m/n/
12 is a high-performance
 []

[5]

Package natbib Warning: Citation `acnet' on page 6 undefined on input line 226.



Package natbib Warning: Citation `dbb' on page 6 undefined on input line 226.


Package natbib Warning: Citation `repvgg' on page 6 undefined on input line 226
.


Package natbib Warning: Citation `rmnet' on page 6 undefined on input line 226.



Package natbib Warning: Citation `repghost' on page 6 undefined on input line 2
26.


Package natbib Warning: Citation `resrep' on page 6 undefined on input line 226
.


Package natbib Warning: Citation `repmlp' on page 6 undefined on input line 226
.


Package natbib Warning: Citation `replknet' on page 6 undefined on input line 2
36.


LaTeX Warning: Reference `table:imagewoof' on page 6 undefined on input line 23
6.


LaTeX Warning: Reference `table:cifar100' on page 6 undefined on input line 236
.


LaTeX Warning: Reference `fig:repunits' on page 6 undefined on input line 238.

[6]

LaTeX Warning: Reference `fig:repunits' on page 7 undefined on input line 240.


LaTeX Warning: Reference `eq1' on page 7 undefined on input line 240.


LaTeX Warning: Reference `eq2' on page 7 undefined on input line 250.


LaTeX Warning: Reference `eq1' on page 7 undefined on input line 250.


LaTeX Warning: Reference `fig:repunits' on page 7 undefined on input line 260.


Package natbib Warning: Citation `online' on page 7 undefined on input line 260
.


LaTeX Warning: Reference `eq3' on page 7 undefined on input line 260.

[7]

pdfTeX warning: pdflatex.exe (file ./figs/fig3-a.pdf): PDF inclusion: found PDF
 version <1.7>, but at most version <1.5> allowed
<figs/fig3-a.pdf, id=155, 224.67036pt x 280.34135pt>
File: figs/fig3-a.pdf Graphic file (type pdf)
<use figs/fig3-a.pdf>
Package pdftex.def Info: figs/fig3-a.pdf  used on input line 266.
(pdftex.def)             Requested size: 127.69661pt x 159.3356pt.


pdfTeX warning: pdflatex.exe (file ./figs/fig3-b.pdf): PDF inclusion: found PDF
 version <1.7>, but at most version <1.5> allowed
<figs/fig3-b.pdf, id=156, 145.14125pt x 280.3534pt>
File: figs/fig3-b.pdf Graphic file (type pdf)
<use figs/fig3-b.pdf>
Package pdftex.def Info: figs/fig3-b.pdf  used on input line 274.
(pdftex.def)             Requested size: 82.48996pt x 159.3356pt.


pdfTeX warning: pdflatex.exe (file ./figs/fig4.pdf): PDF inclusion: found PDF v
ersion <1.6>, but at most version <1.5> allowed
<figs/fig4.pdf, id=157, 963.30489pt x 458.28815pt>
File: figs/fig4.pdf Graphic file (type pdf)
<use figs/fig4.pdf>
Package pdftex.def Info: figs/fig4.pdf  used on input line 285.
(pdftex.def)             Requested size: 390.0pt x 185.54274pt.

LaTeX Warning: Reference `eq4' on page 8 undefined on input line 295.


LaTeX Warning: Reference `eq3' on page 8 undefined on input line 295.


LaTeX Warning: Reference `fig:repunits' on page 8 undefined on input line 304.

[8 <./figs/fig3-a.pdf> <./figs/fig3-b.pdf

pdfTeX warning: pdflatex.exe (file ./figs/fig3-b.pdf): PDF inclusion: multiple 
pdfs with page group included in a single page
>]

LaTeX Warning: Reference `sec:3-2' on page 9 undefined on input line 307.


LaTeX Warning: Reference `fig:blocks' on page 9 undefined on input line 307.


LaTeX Warning: Reference `fig:blocks' on page 9 undefined on input line 307.

[9 <./figs/fig4.pdf>]

Package natbib Warning: Citation `repvgg' on page 10 undefined on input line 31
3.


Package natbib Warning: Citation `mobilenetv3' on page 10 undefined on input li
ne 313.


Package natbib Warning: Citation `rmnet' on page 10 undefined on input line 315
.


LaTeX Warning: Reference `fig:shortcutrep' on page 10 undefined on input line 3
15.


LaTeX Warning: Reference `eq5' on page 10 undefined on input line 315.


LaTeX Warning: Reference `fig:shortcutrep' on page 10 undefined on input line 3
24.


Package natbib Warning: Citation `rmnet' on page 10 undefined on input line 324
.

[10]

LaTeX Warning: Reference `fig:shortcutrep' on page 11 undefined on input line 3
30.


Overfull \hbox (3.77731pt too wide) in paragraph at lines 330--334
\T1/cmr/m/n/12 with struc-tural re-parameterization as $\OML/cmm/m/it/12 gw[] \
OT1/cmr/m/n/12 = [\OML/cmm/m/it/12 dw[]; E[]\OT1/cmr/m/n/12 ][]\OML/cmm/m/it/12
 ; B\OT1/cmr/m/n/12 (\OML/cmm/m/it/12 gw[]\OT1/cmr/m/n/12 ) =
 []


Overfull \hbox (32.52412pt too wide) in paragraph at lines 330--334
\OT1/cmr/m/n/12 [\OML/cmm/m/it/12 B[]\OT1/cmr/m/n/12 (\OML/cmm/m/it/12 dw\OT1/c
mr/m/n/12 )$\T1/cmr/m/n/12 , $\OT1/cmr/m/n/12 0[]][]$\T1/cmr/m/n/12 , $\OML/cmm
/m/it/12 pw[] \OT1/cmr/m/n/12 = [[\OML/cmm/m/it/12 pw[]; \OT1/cmr/m/n/12 0[]][]
\OML/cmm/m/it/12 ; \OT1/cmr/m/n/12 [0[]$\T1/cmr/m/n/12 , $\OML/cmm/m/it/12 E[]\
OT1/cmr/m/n/12 ][]][]$\T1/cmr/m/n/12 , $\OML/cmm/m/it/12 B\OT1/cmr/m/n/12 (\OML
/cmm/m/it/12 pw[]\OT1/cmr/m/n/12 ) =
 []


LaTeX Warning: Reference `eq6' on page 11 undefined on input line 355.


LaTeX Warning: Reference `eq7' on page 11 undefined on input line 364.


Overfull \hbox (64.4565pt too wide) detected at line 376
[][][]
 []

[11]

LaTeX Warning: Reference `table:architecture' on page 12 undefined on input lin
e 391.

[12]

LaTeX Warning: Reference `fig:blocks' on page 13 undefined on input line 395.


LaTeX Warning: Reference `table:architecture' on page 13 undefined on input lin
e 395.


LaTeX Warning: Reference `fig:blocks' on page 13 undefined on input line 395.


LaTeX Warning: Reference `table:architecture' on page 13 undefined on input lin
e 397.


LaTeX Warning: No positions in optional float specifier.
               Default added (so using `tbp') on input line 399.

[13]

Package natbib Warning: Citation `adamw' on page 14 undefined on input line 432
.


Package natbib Warning: Citation `mixup' on page 14 undefined on input line 432
.


Package natbib Warning: Citation `cutmix' on page 14 undefined on input line 43
2.


Package natbib Warning: Citation `randaug' on page 14 undefined on input line 4
32.


Package natbib Warning: Citation `depth' on page 14 undefined on input line 432
.


Package natbib Warning: Citation `ema' on page 14 undefined on input line 432.


LaTeX Warning: No positions in optional float specifier.
               Default added (so using `tbp') on input line 434.


LaTeX Warning: No positions in optional float specifier.
               Default added (so using `tbp') on input line 451.


Package natbib Warning: Citation `resnet' on page 14 undefined on input line 49
0.


Package natbib Warning: Citation `vit' on page 14 undefined on input line 490.


Package natbib Warning: Citation `convnext' on page 14 undefined on input line 
490.


Package natbib Warning: Citation `imagewoof' on page 14 undefined on input line
 490.


Package natbib Warning: Citation `cifar' on page 14 undefined on input line 490
.


LaTeX Warning: Reference `table:imagewoof' on page 14 undefined on input line 4
93.


LaTeX Warning: Reference `table:cifar100' on page 14 undefined on input line 49
3.

[14] [15]

Package natbib Warning: Citation `resnet' on page 16 undefined on input line 49
5.


Package natbib Warning: Citation `mobilenetv3' on page 16 undefined on input li
ne 495.


Package natbib Warning: Citation `efficientnet' on page 16 undefined on input l
ine 495.


Package natbib Warning: Citation `deit' on page 16 undefined on input line 495.



Package natbib Warning: Citation `repvgg' on page 16 undefined on input line 49
5.


Package natbib Warning: Citation `repghost' on page 16 undefined on input line 
495.


Package natbib Warning: Citation `replknet' on page 16 undefined on input line 
495.


Package natbib Warning: Citation `maxvit' on page 16 undefined on input line 49
5.


Package natbib Warning: Citation `swin' on page 16 undefined on input line 495.



Package natbib Warning: Citation `convnext' on page 16 undefined on input line 
495.


Package natbib Warning: Citation `imagenet' on page 16 undefined on input line 
495.


LaTeX Warning: Reference `table:imagenet' on page 16 undefined on input line 49
7.


LaTeX Warning: Reference `pie' on page 16 undefined on input line 497.


Package natbib Warning: Citation `winograd' on page 16 undefined on input line 
497.

[16]
<figs/fig5.pdf, id=329, 197.8866pt x 187.91194pt>
File: figs/fig5.pdf Graphic file (type pdf)
<use figs/fig5.pdf>
Package pdftex.def Info: figs/fig5.pdf  used on input line 502.
(pdftex.def)             Requested size: 272.99881pt x 259.24992pt.


LaTeX Warning: Reference `table:ablation' on page 17 undefined on input line 51
0.


LaTeX Warning: Reference `table:ablation' on page 17 undefined on input line 51
2.


LaTeX Warning: No positions in optional float specifier.
               Default added (so using `tbp') on input line 514.


LaTeX Warning: Reference `tab2' on page 17 undefined on input line 535.

[17] [18 <./figs/fig5.pdf>]

LaTeX Warning: `h' float specifier changed to `ht'.


Package natbib Warning: Citation `online' on page 19 undefined on input line 56
5.

[19] [20]
No file elsarticle-template-num.bbl.

Package natbib Warning: There were undefined citations.

[21] (elsarticle-template-num.aux)
 ***********
LaTeX2e <2023-11-01>
L3 programming layer <2023-11-01>
 ***********


LaTeX Warning: There were undefined references.


LaTeX Warning: Label(s) may have changed. Rerun to get cross-references right.

 ) 
Here is how much of TeX's memory you used:
 8254 strings out of 474592
 121615 string characters out of 5759932
 1956533 words of memory out of 5000000
 30286 multiletter control sequences out of 15000+600000
 576801 words of font info for 90 fonts, out of 8000000 for 9000
 1141 hyphenation exceptions out of 8191
 72i,18n,79p,1936b,440s stack positions out of 10000i,1000n,20000p,200000b,200000s
 <E:\CTEX\UserData\fonts/pk/ljfour/jknappen/ec/dpi600\ecbx1095.pk> <E:\CTEX\U
serData\fonts/pk/ljfour/jknappen/ec/dpi600\ecrm1095.pk> <E:\CTEX\UserData\fonts
/pk/ljfour/jknappen/ec/dpi600\ecbx1000.pk> <E:\CTEX\UserData\fonts/pk/ljfour/jk
nappen/ec/dpi600\ecrm1000.pk> <E:\CTEX\UserData\fonts/pk/ljfour/jknappen/ec/dpi
600\ecti1000.pk> <E:\CTEX\UserData\fonts/pk/ljfour/jknappen/ec/dpi600\ecti1200.
pk> <E:\CTEX\UserData\fonts/pk/ljfour/jknappen/ec/dpi600\tcrm1200.pk> <E:\CTEX\
UserData\fonts/pk/ljfour/jknappen/ec/dpi600\ecrm1200.pk> <E:\CTEX\UserData\font
s/pk/ljfour/jknappen/ec/dpi600\ecbx1200.pk> <E:\CTEX\UserData\fonts/pk/ljfour/j
knappen/ec/dpi600\ecrm1728.pk><E:/CTEX/MiKTeX/fonts/type1/public/amsfonts/cm/cm
ex10.pfb><E:/CTEX/MiKTeX/fonts/type1/public/amsfonts/cm/cmmi10.pfb><E:/CTEX/MiK
TeX/fonts/type1/public/amsfonts/cm/cmmi12.pfb><E:/CTEX/MiKTeX/fonts/type1/publi
c/amsfonts/cm/cmmi6.pfb><E:/CTEX/MiKTeX/fonts/type1/public/amsfonts/cm/cmmi8.pf
b><E:/CTEX/MiKTeX/fonts/type1/public/amsfonts/cm/cmr10.pfb><E:/CTEX/MiKTeX/font
s/type1/public/amsfonts/cm/cmr12.pfb><E:/CTEX/MiKTeX/fonts/type1/public/amsfont
s/cm/cmr6.pfb><E:/CTEX/MiKTeX/fonts/type1/public/amsfonts/cm/cmr7.pfb><E:/CTEX/
MiKTeX/fonts/type1/public/amsfonts/cm/cmr8.pfb><E:/CTEX/MiKTeX/fonts/type1/publ
ic/amsfonts/cm/cmsy10.pfb><E:/CTEX/MiKTeX/fonts/type1/public/amsfonts/cm/cmsy8.
pfb><E:/CTEX/MiKTeX/fonts/type1/public/amsfonts/symbols/msbm10.pfb><E:/CTEX/MiK
TeX/fonts/type1/urw/zapfding/uzdr.pfb>
Output written on elsarticle-template-num.pdf (22 pages, 710095 bytes).
PDF statistics:
 912 PDF objects out of 1000 (max. 8388607)
 0 named destinations out of 1000 (max. 500000)
 41 words of extra memory for PDF output out of 10000 (max. 10000000)

